Resolved "preview" environment for the build. Learn more: https://docs.expo.dev/eas/environment-variables/#setting-the-environment-for-your-builds
No environment variables with visibility "Plain text" and "Sensitive" found for the "preview" environment on EAS.




Compressing project files and uploading to EAS Build. Learn more: https://expo.fyi/eas-build-archive
- Uploading to EAS Build (0 / 7.3 MB)
✔ Uploaded to EAS 2s
- Computing project fingerprint
✔ Computed project fingerprint

See logs: https://expo.dev/accounts/arratima/projects/aura/builds/32554890-5db1-4a48-b077-50b84291d522

Waiting for build to complete. You can press Ctrl+C to exit.
- Waiting for build to complete.
✔ Build finished

  ▄▄▄▄▄▄▄▄▄▄▄▄▄▄▄▄▄▄▄▄▄▄▄▄▄▄▄▄▄▄▄▄▄▄▄▄▄▄▄▄▄▄▄▄▄▄▄▄▄▄▄
  █ ▄▄▄▄▄ █▄▀█▄▄▀▄▀█ █ █▀▀▄▄▀█▄▄▀ ██ ▀▀ ▀▀▀ █ ▄▄▄▄▄ █
  █ █   █ █ ▄▀▀   ▄█   ▀█▄▀  ▄██▄  ▄▄██  █ ▄█ █   █ █
  █ █▄▄▄█ █▄ ▄▄ █▄▀▀▀▄▄▄▀ ▄▄▄ █▀ ▀▀█▄█ █ ▀███ █▄▄▄█ █
  █▄▄▄▄▄▄▄█▄▀▄▀▄▀ █▄▀▄█▄▀ █▄█ ▀ █ ▀▄█ █ ▀ █ █▄▄▄▄▄▄▄█
  █   ▄▀█▄▀ ██▄ █▀▀█ █ ▄█▄  ▄▄▀▄ ▀▄█ ▄█▀▀█▄█▄▀█▄ ▄▀▄█
  █▀█▄▀▄▄▄ ▄▀▄█▄█▄█ ██▄▄█ █ ▀▀ █  ▄  ▄█▀█▀█ █▄▄ ▄  ██
  █▄█▄ ██▄█ ▄▄  ▀▀ ▀▀▄▀    ▄▄▀▀█▄▄ ▀▀█▄▄   ▄ █ ▀▄ █▀█
  █ ▀ █▀▀▄ ██▄▄  ██▀▀█ ▀██▄█▀ █ █ ▀▀▀█▀█▄ █▄▄ █▀ ▄ ▀█
  ██▀█▄▀█▄   ▀▄██ ▄ ▄▀██▀▄▀▀███▀▄▄█▄█▀ █▄▄▀  █ ▄ ▄▀ █
  █▄ ▄▀█▀▄▄▀█▀▄▄▄▄▄▀ ▀█▄▀▄ ▀█ ▄  ▀▀█▄▄  ▀▄▀ ▀▀▄█▀██▄█
  █▄▀ ▀▀▄▄▄ ▀ ▀▀█▄ ▄▄  ▄ ▀▄█▀█▄ ▀▀▀▀▄▄ █▄▄▄██ ▀▀▄██▄█
  █     ▄▄▄ ▄▀▄▄▄ ▄▀▀ ▀▄▀ ▄▄▄  ▄█▄▀▀▀▄▀ ▄▀  ▄▄▄ █▀███
  █▄ █▄ █▄█ █▄ ▀▄██▄█ ▀   █▄█ ▄▀▀▄▄▀███▄▀▀▄ █▄█ ▄▄▄ █
  █▄▀▄█▄ ▄    ▄  ███▀▀▀  ▄ ▄▄ ▀   ▀▀▄▀▄█  █▄▄▄▄▄▄█▀▀█
  █▀▀█ ▀ ▄█ ▀▀▄▄█▄▀█ █▄█▄ ▄▄▄▄▀█ █▀▄▀ ██▄▄█ ▀███▀▄▀ █
  ██▀█▀█ ▄▄ ▄  █ ▀  ▀█▀▄█▀▀█ ██ ▄█ █ ▄▄▀▀ ▀▀█ ██▀█▄▄█
  █ █▀▄█ ▄ ▀▀█▀█▄▀ █▀█ ▄ ██ ██ ▄▄  █▄▄██ █▀█ ▄ ▄███▄█
  █▀ ▄▄▄▀▄ ██▀▀▄ ▀▀ █ ▀█▄ ▀ █ ██▀▄▄▀█▄▄▀▄█▀ ▄▀   ▀▄▀█
  █▀ █▄▄█▄▄  █ ▄▄ ██ ██ ██ ██ ▄▀█▄ █▀█  ▀▀   ▄▄ ▀▄  █
  ██ ▀▀█▄▄ ▄▄█▄▀▀▄ ▄█▀ █ ▄█ ▀▀█▀  ▄▀██ ▄▄▄█ ▄█▀▄▀▄▄██
  █▄▄▄███▄█  ██▄█ ▀  ▀▄█▄ ▄▄▄ ▀▀█▄█▄▀▀ ▀ █▀ ▄▄▄ ▄ █ █
  █ ▄▄▄▄▄ ██ ██▄▀▀▀██▄█▀█ █▄█ ▀▀▀█▀█ ▄▀ ▀▄▀ █▄█  ▄▄ █
  █ █   █ █▀█▀▀█ ██ ▀▀▀▄▄ ▄▄ ▄█ ▀▀▀███ █▀▄▄  ▄▄ ▄████
  █ █▄▄▄█ █ █▄   ▄▀▄██ █ ▄██ ▄▀█▀ ▄ █ ▀▀▄▀▀██▄  ▄▀▄▄█
  █▄▄▄▄▄▄▄█▄█▄██▄█▄▄▄▄▄▄███▄▄▄▄█▄▄██▄▄█▄▄▄▄█▄█▄██▄▄▄█


🍏 Open this link on your iOS devices (or scan the QR code) to install the app:
https://expo.dev/accounts/arratima/projects/aura/builds/32554890-5db1-4a48-b077-50b84291d522
