
⚠️ Detected that your app uses Expo Go for development, this is not recommended when building production apps.
Learn more: https://expo.fyi/why-not-build-expo-go-for-production
To suppress this warning, set EAS_BUILD_NO_EXPO_GO_WARNING=true.

Resolved "production" environment for the build. Learn more: https://docs.expo.dev/eas/environment-variables/#setting-the-environment-for-your-builds
No environment variables with visibility "Plain text" and "Sensitive" found for the "production" environment on EAS.

- Incrementing buildNumber from 9 to 10.
✔ Incremented buildNumber from 9 to 10.


✔ Using local iOS credentials (credentials.json)

Compressing project files and uploading to EAS Build. Learn more: https://expo.fyi/eas-build-archive
- Compressing project files
- Uploading to EAS Build (0 / 40.3 MB)
✔ Uploaded to EAS 13s
- Computing project fingerprint
⌛️ Computing the project fingerprint is taking longer than expected...
⏩ To skip this step, set the environment variable: EAS_SKIP_AUTO_FINGERPRINT=1
✔ Computed project fingerprint

See logs: https://expo.dev/accounts/arratima/projects/aura/builds/97f226a2-cb46-4dff-81c5-282490c36c7e

ASC App ID:                 6782562444
Project ID:                 804ef682-ea7e-4d3f-9994-d578dd0e4c79
App Store Connect API Key:  
    Key ID    :  63Y56V3L2D
    Key Source:  local
    Key Path  :  ./credentials/AuthKey_63Y56V3L2D.p8
Build:                      
    Build ID    :  97f226a2-cb46-4dff-81c5-282490c36c7e
    Build Date  :  22.06.2026, 08:52:10
    App Version :  1.2.0
    Build number:  10

- Scheduling iOS submission
✔ Scheduled iOS submission

Submission details: https://expo.dev/accounts/arratima/projects/aura/submissions/770c1bef-9228-4d1c-a72f-10c86e025d9c

Waiting for build to complete. You can press Ctrl+C to exit.
- Waiting for build to complete.
✔ Build finished

🍏 iOS app:
https://expo.dev/artifacts/eas/qXtY3AexnvHoc-9wpiPTp2fJKHj-ZRVkFNW-U_hgsH8.ipa

Waiting for submission to complete. You can press Ctrl+C to exit.
- Submitting
✔ Submitted your app to Apple App Store Connect!

Your binary has been successfully uploaded to App Store Connect!
- It is now being processed by Apple - you will receive an email when the processing finishes.
- It usually takes about 5-10 minutes depending on how busy Apple servers are.
- When it's done, you can see your build here: https://appstoreconnect.apple.com/apps/6782562444/testflight/ios
