
⚠️ Detected that your app uses Expo Go for development, this is not recommended when building production apps.
Learn more: https://expo.fyi/why-not-build-expo-go-for-production
To suppress this warning, set EAS_BUILD_NO_EXPO_GO_WARNING=true.

Resolved "production" environment for the build. Learn more: https://docs.expo.dev/eas/environment-variables/#setting-the-environment-for-your-builds
No environment variables with visibility "Plain text" and "Sensitive" found for the "production" environment on EAS.

- Incrementing buildNumber from 8 to 9.
✔ Incremented buildNumber from 8 to 9.


✔ Using local iOS credentials (credentials.json)

Compressing project files and uploading to EAS Build. Learn more: https://expo.fyi/eas-build-archive
- Compressing project files
- Uploading to EAS Build (0 / 40.3 MB)
✔ Uploaded to EAS 1m 19s
- Computing project fingerprint
✔ Computed project fingerprint
Failed to upload fingerprint to EAS

Reason: request to https://storage.googleapis.com/updates-runtime-fingerprints-production/production/69b45b1c-06b3-43a0-9bf7-e65575497fc7/58c90448-e0bc-4104-8e30-50a1e70f178e?X-Goog-Algorithm=GOOG4-RSA-SHA256&X-Goog-Credential=www-production%40exponentjs.iam.gserviceaccount.com%2F20260621%2Fauto%2Fstorage%2Fgoog4_request&X-Goog-Date=20260621T202821Z&X-Goog-Expires=3600&X-Goog-SignedHeaders=host%3Bx-goog-content-length-range&X-Goog-Signature=186303740a5b472cb8fe59d0eff1883bd4f180d5d89287c3e66db08f1c4d62d58fde084dfa5d551814b5d0491d379e404d046abf8b802cd18aeed07eda49d677acd41c93eb12f7100b9ed7525d09dc0cd698da8a54f79f9b73139aa73bb5278b4a84fe788cce69be3c0971a9e505b7f4d9cbae7dad65fb378266cee95bdae1eeeb7928d545ceba5870ea6fea354c9ea3cf7a2eeeb33f791976f72b15c72e480c599b2ae38028bff6c05c4a5d220543fdfe4c1cb8947b56b7a543b26fccfbc6a475c804270d16f2819dda8cdc63c2b5ddce5db22b903914f7152f7652a0d710713723c8694a7daa76999ec2a8146769f652e87331fddaa522f13aa058f1d23f45 failed, reason: 9C840000:error:0A0003FC:SSL routines:ssl3_read_bytes:ssl/tls alert bad record mac:openssl\ssl\record\rec_layer_s3.c:918:SSL alert number 20


See logs: https://expo.dev/accounts/arratima/projects/aura/builds/2df78201-637e-4424-b651-022ea15546c1

ASC App ID:                 6782562444
Project ID:                 804ef682-ea7e-4d3f-9994-d578dd0e4c79
App Store Connect API Key:  
    Key ID    :  63Y56V3L2D
    Key Source:  local
    Key Path  :  ./credentials/AuthKey_63Y56V3L2D.p8
Build:                      
    Build ID    :  2df78201-637e-4424-b651-022ea15546c1
    Build Date  :  21.06.2026, 23:28:22
    App Version :  1.2.0
    Build number:  9

- Scheduling iOS submission
✔ Scheduled iOS submission

Submission details: https://expo.dev/accounts/arratima/projects/aura/submissions/75ccbd0b-7c8f-415b-b70e-6680ff0181d3

Waiting for build to complete. You can press Ctrl+C to exit.
- Waiting for build to complete.
✔ Build finished

🍏 iOS app:
https://expo.dev/artifacts/eas/PPzeK77Vb8OOhBV0fWGC4TPg3W6Sxp_PtgQG0_zDdJM.ipa

Waiting for submission to complete. You can press Ctrl+C to exit.
- Submitting
✔ Submitted your app to Apple App Store Connect!

Your binary has been successfully uploaded to App Store Connect!
- It is now being processed by Apple - you will receive an email when the processing finishes.
- It usually takes about 5-10 minutes depending on how busy Apple servers are.
- When it's done, you can see your build here: https://appstoreconnect.apple.com/apps/6782562444/testflight/ios
